This is pdfTeX, Version 3.141592653-2.6-1.40.28 (MiKTeX 25.12) (preloaded format=pdflatex 2026.5.23)  24 MAY 2026 02:08
entering extended mode
 restricted \write18 enabled.
 %&-line parsing enabled.
**./report_ieee_fixed_comprehensive_unicode2.tex
(report_ieee_fixed_comprehensive_unicode2.tex
LaTeX2e <2025-11-01>
L3 programming layer <2025-12-24>

(C:\Users\Administrator\AppData\Local\Programs\MiKTeX\tex/latex/ieeetran\IEEEtr
an.cls
Document Class: IEEEtran 2015/08/26 V1.8b by Michael Shell
-- See the "IEEEtran_HOWTO" manual for usage information.
-- http://www.michaelshell.org/tex/ieeetran/
\@IEEEtrantmpdimenA=\dimen148
\@IEEEtrantmpdimenB=\dimen149
\@IEEEtrantmpdimenC=\dimen150
\@IEEEtrantmpcountA=\count275
\@IEEEtrantmpcountB=\count276
\@IEEEtrantmpcountC=\count277
\@IEEEtrantmptoksA=\toks17
LaTeX Font Info:    Trying to load font information for OT1+ptm on input line 5
03.

(C:\Users\Administrator\AppData\Local\Programs\MiKTeX\tex/latex/psnfss\ot1ptm.f
d
File: ot1ptm.fd 2001/06/04 font definitions for OT1/ptm.
)
-- Using 8.5in x 11in (letter) paper.
-- Using PDF output.
\@IEEEnormalsizeunitybaselineskip=\dimen151
-- This is a 10 point document.
LaTeX Encoding Info:    Redeclaring text command \textunderscore (encoding ?) o
n input line 937.
\CLASSINFOnormalsizebaselineskip=\dimen152
\CLASSINFOnormalsizeunitybaselineskip=\dimen153
\IEEEnormaljot=\dimen154
LaTeX Font Info:    Font shape `OT1/ptm/bx/n' in size <5> not available
(Font)              Font shape `OT1/ptm/b/n' tried instead on input line 1090.
LaTeX Font Info:    Font shape `OT1/ptm/bx/it' in size <5> not available
(Font)              Font shape `OT1/ptm/b/it' tried instead on input line 1090.

LaTeX Font Info:    Font shape `OT1/ptm/bx/n' in size <7> not available
(Font)              Font shape `OT1/ptm/b/n' tried instead on input line 1090.
LaTeX Font Info:    Font shape `OT1/ptm/bx/it' in size <7> not available
(Font)              Font shape `OT1/ptm/b/it' tried instead on input line 1090.

LaTeX Font Info:    Font shape `OT1/ptm/bx/n' in size <8> not available
(Font)              Font shape `OT1/ptm/b/n' tried instead on input line 1090.
LaTeX Font Info:    Font shape `OT1/ptm/bx/it' in size <8> not available
(Font)              Font shape `OT1/ptm/b/it' tried instead on input line 1090.

LaTeX Font Info:    Font shape `OT1/ptm/bx/n' in size <9> not available
(Font)              Font shape `OT1/ptm/b/n' tried instead on input line 1090.
LaTeX Font Info:    Font shape `OT1/ptm/bx/it' in size <9> not available
(Font)              Font shape `OT1/ptm/b/it' tried instead on input line 1090.

LaTeX Font Info:    Font shape `OT1/ptm/bx/n' in size <10> not available
(Font)              Font shape `OT1/ptm/b/n' tried instead on input line 1090.
LaTeX Font Info:    Font shape `OT1/ptm/bx/it' in size <10> not available
(Font)              Font shape `OT1/ptm/b/it' tried instead on input line 1090.

LaTeX Font Info:    Font shape `OT1/ptm/bx/n' in size <11> not available
(Font)              Font shape `OT1/ptm/b/n' tried instead on input line 1090.
LaTeX Font Info:    Font shape `OT1/ptm/bx/it' in size <11> not available
(Font)              Font shape `OT1/ptm/b/it' tried instead on input line 1090.

LaTeX Font Info:    Font shape `OT1/ptm/bx/n' in size <12> not available
(Font)              Font shape `OT1/ptm/b/n' tried instead on input line 1090.
LaTeX Font Info:    Font shape `OT1/ptm/bx/it' in size <12> not available
(Font)              Font shape `OT1/ptm/b/it' tried instead on input line 1090.

LaTeX Font Info:    Font shape `OT1/ptm/bx/n' in size <17> not available
(Font)              Font shape `OT1/ptm/b/n' tried instead on input line 1090.
LaTeX Font Info:    Font shape `OT1/ptm/bx/it' in size <17> not available
(Font)              Font shape `OT1/ptm/b/it' tried instead on input line 1090.

LaTeX Font Info:    Font shape `OT1/ptm/bx/n' in size <20> not available
(Font)              Font shape `OT1/ptm/b/n' tried instead on input line 1090.
LaTeX Font Info:    Font shape `OT1/ptm/bx/it' in size <20> not available
(Font)              Font shape `OT1/ptm/b/it' tried instead on input line 1090.

LaTeX Font Info:    Font shape `OT1/ptm/bx/n' in size <24> not available
(Font)              Font shape `OT1/ptm/b/n' tried instead on input line 1090.
LaTeX Font Info:    Font shape `OT1/ptm/bx/it' in size <24> not available
(Font)              Font shape `OT1/ptm/b/it' tried instead on input line 1090.

\IEEEquantizedlength=\dimen155
\IEEEquantizedlengthdiff=\dimen156
\IEEEquantizedtextheightdiff=\dimen157
\IEEEilabelindentA=\dimen158
\IEEEilabelindentB=\dimen159
\IEEEilabelindent=\dimen160
\IEEEelabelindent=\dimen161
\IEEEdlabelindent=\dimen162
\IEEElabelindent=\dimen163
\IEEEiednormlabelsep=\dimen164
\IEEEiedmathlabelsep=\dimen165
\IEEEiedtopsep=\skip49
\c@section=\count278
\c@subsection=\count279
\c@subsubsection=\count280
\c@paragraph=\count281
\c@IEEEsubequation=\count282
\abovecaptionskip=\skip50
\belowcaptionskip=\skip51
\c@figure=\count283
\c@table=\count284
\@IEEEeqnnumcols=\count285
\@IEEEeqncolcnt=\count286
\@IEEEsubeqnnumrollback=\count287
\@IEEEquantizeheightA=\dimen166
\@IEEEquantizeheightB=\dimen167
\@IEEEquantizeheightC=\dimen168
\@IEEEquantizeprevdepth=\dimen169
\@IEEEquantizemultiple=\count288
\@IEEEquantizeboxA=\box53
\@IEEEtmpitemindent=\dimen170
\IEEEPARstartletwidth=\dimen171
\c@IEEEbiography=\count289
\@IEEEtranrubishbin=\box54
)
(C:\Users\Administrator\AppData\Local\Programs\MiKTeX\tex/latex/xcolor\xcolor.s
ty
Package: xcolor 2024/09/29 v3.02 LaTeX color extensions (UK)

(C:\Users\Administrator\AppData\Local\Programs\MiKTeX\tex/latex/graphics-cfg\co
lor.cfg
File: color.cfg 2016/01/02 v1.6 sample color configuration
)
Package xcolor Info: Driver file: pdftex.def on input line 274.

(C:\Users\Administrator\AppData\Local\Programs\MiKTeX\tex/latex/graphics-def\pd
ftex.def
File: pdftex.def 2025/09/29 v1.2d Graphics/color driver for pdftex
)
(C:\Users\Administrator\AppData\Local\Programs\MiKTeX\tex/latex/graphics\mathco
lor.ltx)
Package xcolor Info: Model `cmy' substituted by `cmy0' on input line 1349.
Package xcolor Info: Model `hsb' substituted by `rgb' on input line 1353.
Package xcolor Info: Model `RGB' extended on input line 1365.
Package xcolor Info: Model `HTML' substituted by `rgb' on input line 1367.
Package xcolor Info: Model `Hsb' substituted by `hsb' on input line 1368.
Package xcolor Info: Model `tHsb' substituted by `hsb' on input line 1369.
Package xcolor Info: Model `HSB' substituted by `hsb' on input line 1370.
Package xcolor Info: Model `Gray' substituted by `gray' on input line 1371.
Package xcolor Info: Model `wave' substituted by `hsb' on input line 1372.
)
(C:\Users\Administrator\AppData\Local\Programs\MiKTeX\tex/latex/amsmath\amsmath
.sty
Package: amsmath 2025/07/09 v2.17z AMS math features
\@mathmargin=\skip52

For additional information on amsmath, use the `?' option.

(C:\Users\Administrator\AppData\Local\Programs\MiKTeX\tex/latex/amsmath\amstext
.sty
Package: amstext 2024/11/17 v2.01 AMS text

(C:\Users\Administrator\AppData\Local\Programs\MiKTeX\tex/latex/amsmath\amsgen.
sty
File: amsgen.sty 1999/11/30 v2.0 generic functions
\@emptytoks=\toks18
\ex@=\dimen172
))
(C:\Users\Administrator\AppData\Local\Programs\MiKTeX\tex/latex/amsmath\amsbsy.
sty
Package: amsbsy 1999/11/29 v1.2d Bold Symbols
\pmbraise@=\dimen173
)
(C:\Users\Administrator\AppData\Local\Programs\MiKTeX\tex/latex/amsmath\amsopn.
sty
Package: amsopn 2022/04/08 v2.04 operator names
)
\inf@bad=\count290
LaTeX Info: Redefining \frac on input line 233.
\uproot@=\count291
\leftroot@=\count292
LaTeX Info: Redefining \overline on input line 398.
LaTeX Info: Redefining \colon on input line 409.
\classnum@=\count293
\DOTSCASE@=\count294
LaTeX Info: Redefining \ldots on input line 495.
LaTeX Info: Redefining \dots on input line 498.
LaTeX Info: Redefining \cdots on input line 619.
\Mathstrutbox@=\box55
\strutbox@=\box56
LaTeX Info: Redefining \big on input line 721.
LaTeX Info: Redefining \Big on input line 722.
LaTeX Info: Redefining \bigg on input line 723.
LaTeX Info: Redefining \Bigg on input line 724.
\big@size=\dimen174
LaTeX Font Info:    Redeclaring font encoding OML on input line 742.
LaTeX Font Info:    Redeclaring font encoding OMS on input line 743.
\macc@depth=\count295
LaTeX Info: Redefining \bmod on input line 904.
LaTeX Info: Redefining \pmod on input line 909.
LaTeX Info: Redefining \smash on input line 939.
LaTeX Info: Redefining \relbar on input line 969.
LaTeX Info: Redefining \Relbar on input line 970.
\c@MaxMatrixCols=\count296
\dotsspace@=\muskip17
\c@parentequation=\count297
\dspbrk@lvl=\count298
\tag@help=\toks19
\row@=\count299
\column@=\count300
\maxfields@=\count301
\andhelp@=\toks20
\eqnshift@=\dimen175
\alignsep@=\dimen176
\tagshift@=\dimen177
\tagwidth@=\dimen178
\totwidth@=\dimen179
\lineht@=\dimen180
\@envbody=\toks21
\multlinegap=\skip53
\multlinetaggap=\skip54
\mathdisplay@stack=\toks22
LaTeX Info: Redefining \[ on input line 2950.
LaTeX Info: Redefining \] on input line 2951.
)
(C:\Users\Administrator\AppData\Local\Programs\MiKTeX\tex/latex/amsfonts\amssym
b.sty
Package: amssymb 2013/01/14 v3.01 AMS font symbols

(C:\Users\Administrator\AppData\Local\Programs\MiKTeX\tex/latex/amsfonts\amsfon
ts.sty
Package: amsfonts 2013/01/14 v3.01 Basic AMSFonts support
\symAMSa=\mathgroup4
\symAMSb=\mathgroup5
LaTeX Font Info:    Redeclaring math symbol \hbar on input line 98.
LaTeX Font Info:    Overwriting math alphabet `\mathfrak' in version `bold'
(Font)                  U/euf/m/n --> U/euf/b/n on input line 106.
))
(C:\Users\Administrator\AppData\Local\Programs\MiKTeX\tex/generic/iftex\iftex.s
ty
Package: iftex 2024/12/12 v1.0g TeX engine tests
)
(C:\Users\Administrator\AppData\Local\Programs\MiKTeX\tex/latex/base\fontenc.st
y
Package: fontenc 2025/07/18 v2.1d Standard LaTeX package
LaTeX Font Info:    Trying to load font information for T1+ptm on input line 11
6.

(C:\Users\Administrator\AppData\Local\Programs\MiKTeX\tex/latex/psnfss\t1ptm.fd
File: t1ptm.fd 2001/06/04 font definitions for T1/ptm.
))
(C:\Users\Administrator\AppData\Local\Programs\MiKTeX\tex/latex/base\inputenc.s
ty
Package: inputenc 2024/02/08 v1.3d Input encoding file
\inpenc@prehook=\toks23
\inpenc@posthook=\toks24
)
(C:\Users\Administrator\AppData\Local\Programs\MiKTeX\tex/latex/base\textcomp.s
ty
Package: textcomp 2024/04/24 v2.1b Standard LaTeX package
)
(C:\Users\Administrator\AppData\Local\Programs\MiKTeX\tex/latex/lm\lmodern.sty
Package: lmodern 2015/05/01 v1.6.1 Latin Modern Fonts
LaTeX Font Info:    Overwriting symbol font `operators' in version `normal'
(Font)                  OT1/cmr/m/n --> OT1/lmr/m/n on input line 22.
LaTeX Font Info:    Overwriting symbol font `letters' in version `normal'
(Font)                  OML/cmm/m/it --> OML/lmm/m/it on input line 23.
LaTeX Font Info:    Overwriting symbol font `symbols' in version `normal'
(Font)                  OMS/cmsy/m/n --> OMS/lmsy/m/n on input line 24.
LaTeX Font Info:    Overwriting symbol font `largesymbols' in version `normal'
(Font)                  OMX/cmex/m/n --> OMX/lmex/m/n on input line 25.
LaTeX Font Info:    Overwriting symbol font `operators' in version `bold'
(Font)                  OT1/cmr/bx/n --> OT1/lmr/bx/n on input line 26.
LaTeX Font Info:    Overwriting symbol font `letters' in version `bold'
(Font)                  OML/cmm/b/it --> OML/lmm/b/it on input line 27.
LaTeX Font Info:    Overwriting symbol font `symbols' in version `bold'
(Font)                  OMS/cmsy/b/n --> OMS/lmsy/b/n on input line 28.
LaTeX Font Info:    Overwriting symbol font `largesymbols' in version `bold'
(Font)                  OMX/cmex/m/n --> OMX/lmex/m/n on input line 29.
LaTeX Font Info:    Overwriting math alphabet `\mathbf' in version `normal'
(Font)                  OT1/cmr/bx/n --> OT1/lmr/bx/n on input line 31.
LaTeX Font Info:    Overwriting math alphabet `\mathsf' in version `normal'
(Font)                  OT1/cmss/m/n --> OT1/lmss/m/n on input line 32.
LaTeX Font Info:    Overwriting math alphabet `\mathit' in version `normal'
(Font)                  OT1/cmr/m/it --> OT1/lmr/m/it on input line 33.
LaTeX Font Info:    Overwriting math alphabet `\mathtt' in version `normal'
(Font)                  OT1/cmtt/m/n --> OT1/lmtt/m/n on input line 34.
LaTeX Font Info:    Overwriting math alphabet `\mathbf' in version `bold'
(Font)                  OT1/cmr/bx/n --> OT1/lmr/bx/n on input line 35.
LaTeX Font Info:    Overwriting math alphabet `\mathsf' in version `bold'
(Font)                  OT1/cmss/bx/n --> OT1/lmss/bx/n on input line 36.
LaTeX Font Info:    Overwriting math alphabet `\mathit' in version `bold'
(Font)                  OT1/cmr/bx/it --> OT1/lmr/bx/it on input line 37.
LaTeX Font Info:    Overwriting math alphabet `\mathtt' in version `bold'
(Font)                  OT1/cmtt/m/n --> OT1/lmtt/m/n on input line 38.
)
(C:\Users\Administrator\AppData\Local\Programs\MiKTeX\tex/latex/upquote\upquote
.sty
Package: upquote 2012/04/19 v1.3 upright-quote and grave-accent glyphs in verba
tim
)
(C:\Users\Administrator\AppData\Local\Programs\MiKTeX\tex/latex/microtype\micro
type.sty
Package: microtype 2026/03/01 v3.2d Micro-typographical refinements (RS)

(C:\Users\Administrator\AppData\Local\Programs\MiKTeX\tex/latex/graphics\keyval
.sty
Package: keyval 2022/05/29 v1.15 key=value parser (DPC)
\KV@toks@=\toks25
)
(C:\Users\Administrator\AppData\Local\Programs\MiKTeX\tex/latex/etoolbox\etoolb
ox.sty
Package: etoolbox 2025/10/02 v2.5m e-TeX tools for LaTeX (JAW)
\etb@tempcnta=\count302
)
\MT@toks=\toks26
\MT@tempbox=\box57
\MT@count=\count303
LaTeX Info: Redefining \noprotrusionifhmode on input line 1084.
LaTeX Info: Redefining \leftprotrusion on input line 1085.
\MT@prot@toks=\toks27
LaTeX Info: Redefining \rightprotrusion on input line 1104.
LaTeX Info: Redefining \textls on input line 1449.
\MT@outer@kern=\dimen181
LaTeX Info: Redefining \microtypecontext on input line 2053.
LaTeX Info: Redefining \textmicrotypecontext on input line 2070.
\MT@listname@count=\count304

(C:\Users\Administrator\AppData\Local\Programs\MiKTeX\tex/latex/microtype\micro
type-pdftex.def
File: microtype-pdftex.def 2026/03/01 v3.2d Definitions specific to pdftex (RS)

LaTeX Info: Redefining \lsstyle on input line 944.
LaTeX Info: Redefining \lslig on input line 944.
\MT@outer@space=\skip55
)
Package microtype Info: Loading configuration file microtype.cfg.

(C:\Users\Administrator\AppData\Local\Programs\MiKTeX\tex/latex/microtype\micro
type.cfg
File: microtype.cfg 2026/03/01 v3.2d microtype main configuration file (RS)
)
LaTeX Info: Redefining \microtypesetup on input line 3065.
)
(C:\Users\Administrator\AppData\Local\Programs\MiKTeX\tex/latex/parskip\parskip
.sty
Package: parskip 2021-03-14 v2.0h non-zero parskip adjustments

(C:\Users\Administrator\AppData\Local\Programs\MiKTeX\tex/latex/kvoptions\kvopt
ions.sty
Package: kvoptions 2022-06-15 v3.15 Key value format for package options (HO)

(C:\Users\Administrator\AppData\Local\Programs\MiKTeX\tex/generic/ltxcmds\ltxcm
ds.sty
Package: ltxcmds 2023-12-04 v1.26 LaTeX kernel commands for general use (HO)
)
(C:\Users\Administrator\AppData\Local\Programs\MiKTeX\tex/latex/kvsetkeys\kvset
keys.sty
Package: kvsetkeys 2022-10-05 v1.19 Key value parser (HO)
)))
(C:\Users\Administrator\AppData\Local\Programs\MiKTeX\tex/latex/booktabs\bookta
bs.sty
Package: booktabs 2020/01/12 v1.61803398 Publication quality tables
\heavyrulewidth=\dimen182
\lightrulewidth=\dimen183
\cmidrulewidth=\dimen184
\belowrulesep=\dimen185
\belowbottomsep=\dimen186
\aboverulesep=\dimen187
\abovetopsep=\dimen188
\cmidrulesep=\dimen189
\cmidrulekern=\dimen190
\defaultaddspace=\dimen191
\@cmidla=\count305
\@cmidlb=\count306
\@aboverulesep=\dimen192
\@belowrulesep=\dimen193
\@thisruleclass=\count307
\@lastruleclass=\count308
\@thisrulewidth=\dimen194
)
(C:\Users\Administrator\AppData\Local\Programs\MiKTeX\tex/latex/tools\array.sty
Package: array 2025/09/25 v2.6n Tabular extension package (FMi)
\col@sep=\dimen195
\ar@mcellbox=\box58
\extrarowheight=\dimen196
\NC@list=\toks28
\extratabsurround=\skip56
\backup@length=\skip57
\ar@cellbox=\box59
)
\c@none=\count309

(C:\Users\Administrator\AppData\Local\Programs\MiKTeX\tex/latex/tools\calc.sty
Package: calc 2025/03/01 v4.3b Infix arithmetic (KKT,FJ)
\calc@Acount=\count310
\calc@Bcount=\count311
\calc@Adimen=\dimen197
\calc@Bdimen=\dimen198
\calc@Askip=\skip58
\calc@Bskip=\skip59
LaTeX Info: Redefining \setlength on input line 86.
LaTeX Info: Redefining \addtolength on input line 87.
\calc@Ccount=\count312
\calc@Cskip=\skip60
)
(C:\Users\Administrator\AppData\Local\Programs\MiKTeX\tex/latex/footnotehyper\f
ootnotehyper.sty
Package: footnotehyper 2025/11/15 v1.1f hyperref aware footnote.sty (JFB)
\FNH@notes=\box60
\FNH@width=\dimen199
\FNH@toks=\toks29
)
(C:\Users\Administrator\AppData\Local\Programs\MiKTeX\tex/latex/bookmark\bookma
rk.sty
Package: bookmark 2023-12-10 v1.31 PDF bookmarks (HO)

(C:\Users\Administrator\AppData\Local\Programs\MiKTeX\tex/latex/hyperref\hyperr
ef.sty
Package: hyperref 2025-07-12 v7.01o Hypertext links for LaTeX

(C:\Users\Administrator\AppData\Local\Programs\MiKTeX\tex/generic/kvdefinekeys\
kvdefinekeys.sty
Package: kvdefinekeys 2019-12-19 v1.6 Define keys (HO)
)
(C:\Users\Administrator\AppData\Local\Programs\MiKTeX\tex/generic/pdfescape\pdf
escape.sty
Package: pdfescape 2019/12/09 v1.15 Implements pdfTeX's escape features (HO)

(C:\Users\Administrator\AppData\Local\Programs\MiKTeX\tex/generic/pdftexcmds\pd
ftexcmds.sty
Package: pdftexcmds 2020-06-27 v0.33 Utility functions of pdfTeX for LuaTeX (HO
)

(C:\Users\Administrator\AppData\Local\Programs\MiKTeX\tex/generic/infwarerr\inf
warerr.sty
Package: infwarerr 2019/12/03 v1.5 Providing info/warning/error messages (HO)
)
Package pdftexcmds Info: \pdf@primitive is available.
Package pdftexcmds Info: \pdf@ifprimitive is available.
Package pdftexcmds Info: \pdfdraftmode found.
))
(C:\Users\Administrator\AppData\Local\Programs\MiKTeX\tex/latex/hycolor\hycolor
.sty
Package: hycolor 2020-01-27 v1.10 Color options for hyperref/bookmark (HO)
)
(C:\Users\Administrator\AppData\Local\Programs\MiKTeX\tex/latex/hyperref\namere
f.sty
Package: nameref 2025-06-21 v2.57 Cross-referencing by name of section

(C:\Users\Administrator\AppData\Local\Programs\MiKTeX\tex/latex/refcount\refcou
nt.sty
Package: refcount 2019/12/15 v3.6 Data extraction from label references (HO)
)
(C:\Users\Administrator\AppData\Local\Programs\MiKTeX\tex/generic/gettitlestrin
g\gettitlestring.sty
Package: gettitlestring 2019/12/15 v1.6 Cleanup title references (HO)
)
\c@section@level=\count313
)
(C:\Users\Administrator\AppData\Local\Programs\MiKTeX\tex/generic/stringenc\str
ingenc.sty
Package: stringenc 2019/11/29 v1.12 Convert strings between diff. encodings (HO
)
)
\@linkdim=\dimen256
\Hy@linkcounter=\count314
\Hy@pagecounter=\count315

(C:\Users\Administrator\AppData\Local\Programs\MiKTeX\tex/latex/hyperref\pd1enc
.def
File: pd1enc.def 2025-07-12 v7.01o Hyperref: PDFDocEncoding definition (HO)
Now handling font encoding PD1 ...
... no UTF-8 mapping file for font encoding PD1
)
(C:\Users\Administrator\AppData\Local\Programs\MiKTeX\tex/generic/intcalc\intca
lc.sty
Package: intcalc 2019/12/15 v1.3 Expandable calculations with integers (HO)
)
\Hy@SavedSpaceFactor=\count316

(C:\Users\Administrator\AppData\Local\Programs\MiKTeX\tex/latex/hyperref\puenc.
def
File: puenc.def 2025-07-12 v7.01o Hyperref: PDF Unicode definition (HO)
Now handling font encoding PU ...
... no UTF-8 mapping file for font encoding PU
)
Package hyperref Info: Option `unicode' set `true' on input line 4066.
Package hyperref Info: Hyper figures OFF on input line 4195.
Package hyperref Info: Link nesting OFF on input line 4200.
Package hyperref Info: Hyper index ON on input line 4203.
Package hyperref Info: Plain pages OFF on input line 4210.
Package hyperref Info: Backreferencing OFF on input line 4215.
Package hyperref Info: Implicit mode ON; LaTeX internals redefined.
Package hyperref Info: Bookmarks ON on input line 4462.
\c@Hy@tempcnt=\count317

(C:\Users\Administrator\AppData\Local\Programs\MiKTeX\tex/latex/url\url.sty
\Urlmuskip=\muskip18
Package: url 2013/09/16  ver 3.4  Verb mode for urls, etc.
)
LaTeX Info: Redefining \url on input line 4801.
\XeTeXLinkMargin=\dimen257

(C:\Users\Administrator\AppData\Local\Programs\MiKTeX\tex/generic/bitset\bitset
.sty
Package: bitset 2019/12/09 v1.3 Handle bit-vector datatype (HO)

(C:\Users\Administrator\AppData\Local\Programs\MiKTeX\tex/generic/bigintcalc\bi
gintcalc.sty
Package: bigintcalc 2019/12/15 v1.5 Expandable calculations on big integers (HO
)
))
\Fld@menulength=\count318
\Field@Width=\dimen258
\Fld@charsize=\dimen259
Package hyperref Info: Hyper figures OFF on input line 6078.
Package hyperref Info: Link nesting OFF on input line 6083.
Package hyperref Info: Hyper index ON on input line 6086.
Package hyperref Info: backreferencing OFF on input line 6093.
Package hyperref Info: Link coloring OFF on input line 6098.
Package hyperref Info: Link coloring with OCG OFF on input line 6103.
Package hyperref Info: PDF/A mode OFF on input line 6108.
\Hy@abspage=\count319
\c@Item=\count320
\c@Hfootnote=\count321
)
Package hyperref Info: Driver (autodetected): hpdftex.

(C:\Users\Administrator\AppData\Local\Programs\MiKTeX\tex/latex/hyperref\hpdfte
x.def
File: hpdftex.def 2025-07-12 v7.01o Hyperref driver for pdfTeX
\Fld@listcount=\count322
\c@bookmark@seq@number=\count323

(C:\Users\Administrator\AppData\Local\Programs\MiKTeX\tex/latex/rerunfilecheck\
rerunfilecheck.sty
Package: rerunfilecheck 2025-06-21 v1.11 Rerun checks for auxiliary files (HO)

(C:\Users\Administrator\AppData\Local\Programs\MiKTeX\tex/generic/uniquecounter
\uniquecounter.sty
Package: uniquecounter 2019/12/15 v1.4 Provide unlimited unique counter (HO)
)
Package uniquecounter Info: New unique counter `rerunfilecheck' on input line 2
84.
)
\Hy@SectionHShift=\skip61
)
(C:\Users\Administrator\AppData\Local\Programs\MiKTeX\tex/latex/bookmark\bkm-pd
ftex.def
File: bkm-pdftex.def 2023-12-10 v1.31 bookmark driver for pdfTeX and luaTeX (HO
)
\BKM@id=\count324
))
(C:\Users\Administrator\AppData\Local\Programs\MiKTeX\tex/latex/xurl\xurl.sty
Package: xurl 2022/01/09 v 0.10 modify URL breaks
)
LaTeX Font Info:    Trying to load font information for T1+lmr on input line 63
.

(C:\Users\Administrator\AppData\Local\Programs\MiKTeX\tex/latex/lm\t1lmr.fd
File: t1lmr.fd 2015/05/01 v1.6.1 Font defs for Latin Modern
)
(C:\Users\Administrator\AppData\Local\Programs\MiKTeX\tex/latex/l3backend\l3bac
kend-pdftex.def
File: l3backend-pdftex.def 2025-10-09 L3 backend support: PDF output (pdfTeX)
\l__color_backend_stack_int=\count325
)
No file report_ieee_fixed_comprehensive_unicode2.aux.
\openout1 = `report_ieee_fixed_comprehensive_unicode2.aux'.

LaTeX Font Info:    Checking defaults for OML/cmm/m/it on input line 63.
LaTeX Font Info:    ... okay on input line 63.
LaTeX Font Info:    Checking defaults for OMS/cmsy/m/n on input line 63.
LaTeX Font Info:    ... okay on input line 63.
LaTeX Font Info:    Checking defaults for OT1/cmr/m/n on input line 63.
LaTeX Font Info:    ... okay on input line 63.
LaTeX Font Info:    Checking defaults for T1/cmr/m/n on input line 63.
LaTeX Font Info:    ... okay on input line 63.
LaTeX Font Info:    Checking defaults for TS1/cmr/m/n on input line 63.
LaTeX Font Info:    ... okay on input line 63.
LaTeX Font Info:    Checking defaults for OMX/cmex/m/n on input line 63.
LaTeX Font Info:    ... okay on input line 63.
LaTeX Font Info:    Checking defaults for U/cmr/m/n on input line 63.
LaTeX Font Info:    ... okay on input line 63.
LaTeX Font Info:    Checking defaults for PD1/pdf/m/n on input line 63.
LaTeX Font Info:    ... okay on input line 63.
LaTeX Font Info:    Checking defaults for PU/pdf/m/n on input line 63.
LaTeX Font Info:    ... okay on input line 63.
-- Lines per column: 58 (exact).

(C:\Users\Administrator\AppData\Local\Programs\MiKTeX\tex/context/base/mkii\sup
p-pdf.mkii
[Loading MPS to PDF converter (version 2006.09.02).]
\scratchcounter=\count326
\scratchdimen=\dimen260
\scratchbox=\box61
\nofMPsegments=\count327
\nofMParguments=\count328
\everyMPshowfont=\toks30
\MPscratchCnt=\count329
\MPscratchDim=\dimen261
\MPnumerator=\count330
\makeMPintoPDFobject=\count331
\everyMPtoPDFconversion=\toks31
)
LaTeX Info: Redefining \microtypecontext on input line 63.
Package microtype Info: Applying patch `item' on input line 63.
Package microtype Info: Applying patch `toc' on input line 63.
Package microtype Info: Applying patch `eqnum' on input line 63.
Package microtype Info: Applying patch `footnote' on input line 63.
Package microtype Info: Applying patch `verbatim' on input line 63.
LaTeX Info: Redefining \microtypesetup on input line 63.
Package microtype Info: Generating PDF output.
Package microtype Info: Character protrusion enabled (level 2).
Package microtype Info: Using protrusion set `basicmath'.
Package microtype Info: Automatic font expansion enabled (level 2),
(microtype)             stretch: 20, shrink: 20, step: 1, non-selected.
Package microtype Info: Using default expansion set `alltext-nott'.
Package microtype Info: Patching command `\showhyphens'.
Package microtype Info: No adjustment of tracking.
Package microtype Info: No adjustment of interword spacing.
Package microtype Info: No adjustment of character kerning.

(C:\Users\Administrator\AppData\Local\Programs\MiKTeX\tex/latex/microtype\mt-cm
r.cfg
File: mt-cmr.cfg 2013/05/19 v2.2 microtype config. file: Computer Modern Roman 
(RS)
)
Package hyperref Info: Link coloring OFF on input line 63.
Package microtype Info: Character `029' is missing
(microtype)             in font `T1/lmr/m/sc/10'.
(microtype)             Ignoring protrusion settings for this character.


LaTeX Warning: Hyper reference `1-uxf6zet-abstract' on page 1 undefined on inpu
t line 82.


LaTeX Warning: Hyper reference `2-giriux15f-ve-literatuxfcr-uxf6zeti' on page 1
 undefined on input line 85.


LaTeX Warning: Hyper reference `3-teorik-altyapux131-ve-matematiksel-model' on 
page 1 undefined on input line 88.


LaTeX Warning: Hyper reference `4-gnu-radio-tabanlux131-sistem-tasarux131mux131
-blok-analizi' on page 1 undefined on input line 91.


Underfull \hbox (badness 2735) in paragraph at lines 91--93
[]\T1/lmr/m/n/10 (+20) GNU RA-DIO TA-BANLI SťS-TEM TASARIMI
 []


LaTeX Warning: Hyper reference `5-simuxfclasyon-ve-performans-deux11ferlendirme
si' on page 1 undefined on input line 94.


Underfull \hbox (badness 10000) in paragraph at lines 94--96
[]\T1/lmr/m/n/10 (+20) SťMÜLASYON VE PER-FOR-MANS
 []


LaTeX Warning: Hyper reference `6-sonuuxe7-ve-gelecek-uxe7alux131ux15fmalar' on
 page 1 undefined on input line 97.


LaTeX Warning: Hyper reference `7-kaynakuxe7a' on page 1 undefined on input lin
e 99.


LaTeX Warning: Hyper reference `8-ekler' on page 1 undefined on input line 101.


LaTeX Font Info:    Trying to load font information for OT1+lmr on input line 1
22.
(C:\Users\Administrator\AppData\Local\Programs\MiKTeX\tex/latex/lm\ot1lmr.fd
File: ot1lmr.fd 2015/05/01 v1.6.1 Font defs for Latin Modern
)
LaTeX Font Info:    Trying to load font information for OML+lmm on input line 1
22.

(C:\Users\Administrator\AppData\Local\Programs\MiKTeX\tex/latex/lm\omllmm.fd
File: omllmm.fd 2015/05/01 v1.6.1 Font defs for Latin Modern
)
LaTeX Font Info:    Trying to load font information for OMS+lmsy on input line 
122.

(C:\Users\Administrator\AppData\Local\Programs\MiKTeX\tex/latex/lm\omslmsy.fd
File: omslmsy.fd 2015/05/01 v1.6.1 Font defs for Latin Modern
)
LaTeX Font Info:    Trying to load font information for OMX+lmex on input line 
122.

(C:\Users\Administrator\AppData\Local\Programs\MiKTeX\tex/latex/lm\omxlmex.fd
File: omxlmex.fd 2015/05/01 v1.6.1 Font defs for Latin Modern
)
LaTeX Font Info:    External font `lmex10' loaded for size
(Font)              <10> on input line 122.
LaTeX Font Info:    External font `lmex10' loaded for size
(Font)              <7> on input line 122.
LaTeX Font Info:    External font `lmex10' loaded for size
(Font)              <5> on input line 122.
LaTeX Font Info:    Trying to load font information for U+msa on input line 122
.

(C:\Users\Administrator\AppData\Local\Programs\MiKTeX\tex/latex/amsfonts\umsa.f
d
File: umsa.fd 2013/01/14 v3.01 AMS symbols A
)
(C:\Users\Administrator\AppData\Local\Programs\MiKTeX\tex/latex/microtype\mt-ms
a.cfg
File: mt-msa.cfg 2006/02/04 v1.1 microtype config. file: AMS symbols (a) (RS)
)
LaTeX Font Info:    Trying to load font information for U+msb on input line 122
.

(C:\Users\Administrator\AppData\Local\Programs\MiKTeX\tex/latex/amsfonts\umsb.f
d
File: umsb.fd 2013/01/14 v3.01 AMS symbols B
)
(C:\Users\Administrator\AppData\Local\Programs\MiKTeX\tex/latex/microtype\mt-ms
b.cfg
File: mt-msb.cfg 2005/06/01 v1.0 microtype config. file: AMS symbols (b) (RS)
)
LaTeX Font Info:    Trying to load font information for TS1+lmr on input line 1
64.

(C:\Users\Administrator\AppData\Local\Programs\MiKTeX\tex/latex/lm\ts1lmr.fd
File: ts1lmr.fd 2015/05/01 v1.6.1 Font defs for Latin Modern
)
Underfull \hbox (badness 2469) in paragraph at lines 190--195
[]\T1/lmr/bx/n/10 (+20) Güç Etki Alanl^^Y NOMA (Power-Domain
 []


Underfull \hbox (badness 4454) in paragraph at lines 195--199
[]\T1/lmr/bx/n/10 (+20) Kod Etki Alanl^^Y NOMA (Code-Domain
 []

[1{C:/Users/Administrator/AppData/Local/MiKTeX/fonts/map/pdftex/pdftex.map}{C:/
Users/Administrator/AppData/Local/Programs/MiKTeX/fonts/enc/dvips/lm/lm-ec.enc}

{C:/Users/Administrator/AppData/Local/Programs/MiKTeX/fonts/enc/dvips/lm/lm-mat
hit.enc}{C:/Users/Administrator/AppData/Local/Programs/MiKTeX/fonts/enc/dvips/l
m/lm-rm.enc}{C:/Users/Administrator/AppData/Local/Programs/MiKTeX/fonts/enc/dvi
ps/lm/lm-ts1.enc}]
Runaway argument?
{tabular{@{} >{\raggedright \arraybackslash }p{(\linewidth - 4\tabcolsep \ETC.
! Paragraph ended before \begin was complete.
<to be read again> 
                   \par 
l.239 
      
I suspect you've forgotten a `}', causing me to apply this
control sequence to too much text. How can we recover?
My plan is to forget the whole thing and hope for the best.

Runaway argument?
{tabular{@{}cccc@{}} \toprule \(x_1\) & \(x_2\) & \(s = \alpha _1 x_1\ETC.
! Paragraph ended before \begin was complete.
<to be read again> 
                   \par 
l.361 
      
I suspect you've forgotten a `}', causing me to apply this
control sequence to too much text. How can we recover?
My plan is to forget the whole thing and hope for the best.

[2{C:/Users/Administrator/AppData/Local/Programs/MiKTeX/fonts/enc/dvips/lm/lm-m
athex.enc}{C:/Users/Administrator/AppData/Local/Programs/MiKTeX/fonts/enc/dvips
/lm/lm-mathsy.enc}]
LaTeX Font Info:    Trying to load font information for T1+lmtt on input line 3
80.

(C:\Users\Administrator\AppData\Local\Programs\MiKTeX\tex/latex/lm\t1lmtt.fd
File: t1lmtt.fd 2015/05/01 v1.6.1 Font defs for Latin Modern
)
Runaway argument?
{tabular{@{} >{\raggedright \arraybackslash }p{(\linewidth - 4\tabcolsep \ETC.
! Paragraph ended before \begin was complete.
<to be read again> 
                   \par 
l.408 
      
I suspect you've forgotten a `}', causing me to apply this
control sequence to too much text. How can we recover?
My plan is to forget the whole thing and hope for the best.


Overfull \hbox (18.59091pt too wide) detected at line 438
[][] \OT1/lmr/m/n/10 = [] = [] = [] \OMS/lmsy/m/n/10 ^^Y \OT1/lmr/m/n/10 3\OML/
lmm/m/it/10 :\OT1/lmr/m/n/10 81 (\OMS/lmsy/m/n/10 ^^Y \OT1/lmr/m/n/10 5\OML/lmm
/m/it/10 :\OT1/lmr/m/n/10 81[])
 []


Underfull \hbox (badness 1596) in paragraph at lines 483--486
 []\T1/lmr/m/it/10 (+20) 3.3.1. SIC Hata Yay^^Yl^^Ym^^Y (Er-ror Prop-a-ga-tion)
: [][] \T1/lmr/m/n/10 (+20) SIC
 []


Overfull \hbox (27.40195pt too wide) detected at line 497
\OML/lmm/m/it/10 r[]\OT1/lmr/m/n/10 [\OML/lmm/m/it/10 n\OT1/lmr/m/n/10 ] = \OML
/lmm/m/it/10 r\OT1/lmr/m/n/10 [\OML/lmm/m/it/10 n\OT1/lmr/m/n/10 ] \OMS/lmsy/m/
n/10 ^^@ \OML/lmm/m/it/10 []x[]\OT1/lmr/m/n/10 [\OML/lmm/m/it/10 n \OMS/lmsy/m
/n/10 ^^@ \OT1/lmr/m/n/10 1] = \OML/lmm/m/it/10 []\OT1/lmr/m/n/10 (\OML/lmm/m/
it/10 x[]\OT1/lmr/m/n/10 [\OML/lmm/m/it/10 n\OT1/lmr/m/n/10 ] \OMS/lmsy/m/n/10 
^^@ \OML/lmm/m/it/10 x[]\OT1/lmr/m/n/10 [\OML/lmm/m/it/10 n \OMS/lmsy/m/n/10 ^^
@ \OT1/lmr/m/n/10 1]) + \OML/lmm/m/it/10 []x[]\OT1/lmr/m/n/10 [\OML/lmm/m/it/1
0 n\OT1/lmr/m/n/10 ] + \OML/lmm/m/it/10 n\OT1/lmr/m/n/10 [\OML/lmm/m/it/10 n\OT
1/lmr/m/n/10 ]
 []

Runaway argument?
{tabular{@{}ll@{}} \toprule Parametre & DeÄźer \\ \midrule \bottomrule \ETC.
! Paragraph ended before \begin was complete.
<to be read again> 
                   \par 
l.534 
      
I suspect you've forgotten a `}', causing me to apply this
control sequence to too much text. How can we recover?
My plan is to forget the whole thing and hope for the best.

[3]

LaTeX Warning: Command \textdegree invalid in math mode on input line 603.


LaTeX Warning: Command \textdegree invalid in math mode on input line 603.


Overfull \hbox (41.33292pt too wide) detected at line 632
\OML/lmm/m/it/10 H[]\OT1/lmr/m/n/10 (\OML/lmm/m/it/10 f\OT1/lmr/m/n/10 ) = []
 []

[4]
Runaway argument?
{tabular{@{} >{\raggedright \arraybackslash }p{(\linewidth - 4\tabcolsep \ETC.
! Paragraph ended before \begin was complete.
<to be read again> 
                   \par 
l.708 
      
I suspect you've forgotten a `}', causing me to apply this
control sequence to too much text. How can we recover?
My plan is to forget the whole thing and hope for the best.

Runaway argument?
{tabular{@{}ll@{}} \toprule Parametre & DeÄźer \\ \midrule \bottomrule \ETC.
! Paragraph ended before \begin was complete.
<to be read again> 
                   \par 
l.747 
      
I suspect you've forgotten a `}', causing me to apply this
control sequence to too much text. How can we recover?
My plan is to forget the whole thing and hope for the best.

Runaway argument?
{tabular{@{}ll@{}} \toprule Parametre & DeÄźer \\ \midrule \bottomrule \ETC.
! Paragraph ended before \begin was complete.
<to be read again> 
                   \par 
l.767 
      
I suspect you've forgotten a `}', causing me to apply this
control sequence to too much text. How can we recover?
My plan is to forget the whole thing and hope for the best.

Runaway argument?
{tabular{@{}ll@{}} \toprule Parametre & DeÄźer \\ \midrule \bottomrule \ETC.
! Paragraph ended before \begin was complete.
<to be read again> 
                   \par 
l.784 
      
I suspect you've forgotten a `}', causing me to apply this
control sequence to too much text. How can we recover?
My plan is to forget the whole thing and hope for the best.

Runaway argument?
{tabular{@{}ll@{}} \toprule Parametre & DeÄźer \\ \midrule \bottomrule \ETC.
! Paragraph ended before \begin was complete.
<to be read again> 
                   \par 
l.804 
      
I suspect you've forgotten a `}', causing me to apply this
control sequence to too much text. How can we recover?
My plan is to forget the whole thing and hope for the best.

Runaway argument?
{tabular{@{}ll@{}} \toprule Parametre & DeÄźer \\ \midrule \bottomrule \ETC.
! Paragraph ended before \begin was complete.
<to be read again> 
                   \par 
l.824 
      
I suspect you've forgotten a `}', causing me to apply this
control sequence to too much text. How can we recover?
My plan is to forget the whole thing and hope for the best.

Runaway argument?
{tabular{@{}ll@{}} \toprule Parametre & DeÄźer \\ \midrule \bottomrule \ETC.
! Paragraph ended before \begin was complete.
<to be read again> 
                   \par 
l.859 
      
I suspect you've forgotten a `}', causing me to apply this
control sequence to too much text. How can we recover?
My plan is to forget the whole thing and hope for the best.

Runaway argument?
{tabular{@{} >{\raggedright \arraybackslash }p{(\linewidth - 2\tabcolsep \ETC.
! Paragraph ended before \begin was complete.
<to be read again> 
                   \par 
l.890 
      
I suspect you've forgotten a `}', causing me to apply this
control sequence to too much text. How can we recover?
My plan is to forget the whole thing and hope for the best.

Runaway argument?
{tabular{@{}lll@{}} \toprule GiriĹź & Ä°Ă§erik & Boyut \\ \midrule \bottomrule 
\ETC.
! Paragraph ended before \begin was complete.
<to be read again> 
                   \par 
l.911 
      
I suspect you've forgotten a `}', causing me to apply this
control sequence to too much text. How can we recover?
My plan is to forget the whole thing and hope for the best.


Overfull \hbox (1.51318pt too wide) detected at line 915
[] \OT1/lmr/m/n/10 = [[]]\OMS/lmsy/m/n/10 k\OT1/lmr/m/n/10 [[]]\OMS/lmsy/m/n/10
 k\OT1/lmr/m/n/10 [[]]\OMS/lmsy/m/n/10 k\OT1/lmr/m/n/10 [[]]
 []

Runaway argument?
{tabular{@{}ll@{}} \toprule Parametre & DeÄźer \\ \midrule \bottomrule \ETC.
! Paragraph ended before \begin was complete.
<to be read again> 
                   \par 
l.936 
      
I suspect you've forgotten a `}', causing me to apply this
control sequence to too much text. How can we recover?
My plan is to forget the whole thing and hope for the best.

Runaway argument?
{tabular{@{}ll@{}} \toprule Parametre & DeÄźer \\ \midrule \bottomrule \ETC.
! Paragraph ended before \begin was complete.
<to be read again> 
                   \par 
l.964 
      
I suspect you've forgotten a `}', causing me to apply this
control sequence to too much text. How can we recover?
My plan is to forget the whole thing and hope for the best.

Runaway argument?
{tabular{@{} >{\raggedright \arraybackslash }p{(\linewidth - 2\tabcolsep \ETC.
! Paragraph ended before \begin was complete.
<to be read again> 
                   \par 
l.994 
      
I suspect you've forgotten a `}', causing me to apply this
control sequence to too much text. How can we recover?
My plan is to forget the whole thing and hope for the best.

Runaway argument?
{tabular{@{}ll@{}} \toprule Parametre & DeÄźer \\ \midrule \bottomrule \ETC.
! Paragraph ended before \begin was complete.
<to be read again> 
                   \par 
l.1009 
       
I suspect you've forgotten a `}', causing me to apply this
control sequence to too much text. How can we recover?
My plan is to forget the whole thing and hope for the best.


Underfull \hbox (badness 2401) in paragraph at lines 1010--1012
\T1/lmr/m/n/10 (+20) lan^^Yc^^Yn^^Yn güç-ölçeklenmił sinyal-leri, \T1/lmtt/m/n/
10 blocks_add_xx_0
 []

[5]
Runaway argument?
{tabular{@{} >{\raggedright \arraybackslash }p{(\linewidth - 4\tabcolsep \ETC.
! Paragraph ended before \begin was complete.
<to be read again> 
                   \par 
l.1047 
       
I suspect you've forgotten a `}', causing me to apply this
control sequence to too much text. How can we recover?
My plan is to forget the whole thing and hope for the best.

Runaway argument?
{tabular{@{}ll@{}} \toprule Parametre & DeÄźer \\ \midrule \bottomrule \ETC.
! Paragraph ended before \begin was complete.
<to be read again> 
                   \par 
l.1095 
       
I suspect you've forgotten a `}', causing me to apply this
control sequence to too much text. How can we recover?
My plan is to forget the whole thing and hope for the best.


Underfull \hbox (badness 2012) in paragraph at lines 1096--1101
\T1/lmr/m/n/10 (+20) lendirme fil-tresinin ełlełtir-ilmił karł^^Yl^^Y§^^Yd^^Yr.
 FFT ta-
 []

Runaway argument?
{tabular{@{}ll@{}} \toprule Parametre & DeÄźer \\ \midrule \bottomrule \ETC.
! Paragraph ended before \begin was complete.
<to be read again> 
                   \par 
l.1123 
       
I suspect you've forgotten a `}', causing me to apply this
control sequence to too much text. How can we recover?
My plan is to forget the whole thing and hope for the best.


Underfull \hbox (badness 10000) in paragraph at lines 1128--1135
[]\T1/lmr/bx/n/10 (+20) Zamanlama Hata De-tek-törü (TED):
 []


Underfull \hbox (badness 7649) in paragraph at lines 1128--1135
\T1/lmr/m/n/10 (+20) an-l^^Yk de§eri ile e§i-minin çarp^^Ym^^Yn-dan za-man-lama

 []


Underfull \hbox (badness 3009) in paragraph at lines 1128--1135
\T1/lmr/m/n/10 (+20) hatas^^Y bil-gisini türe-tir. Bu yön-tem, özel-likle düłük

 []


Underfull \hbox (badness 10000) in paragraph at lines 1128--1135
\T1/lmr/m/n/10 (+20) SNR'da \T1/lmtt/m/n/10 Mueller and Muller \T1/lmr/m/n/10 (
+20) veya \T1/lmtt/m/n/10 Zero-Crossing
 []

Runaway argument?
{tabular{@{}ll@{}} \toprule Parametre & DeÄźer \\ \midrule \bottomrule \ETC.
! Paragraph ended before \begin was complete.
<to be read again> 
                   \par 
l.1159 
       
I suspect you've forgotten a `}', causing me to apply this
control sequence to too much text. How can we recover?
My plan is to forget the whole thing and hope for the best.

Runaway argument?
{tabular{@{}ll@{}} \toprule Parametre & DeÄźer \\ \midrule \bottomrule \ETC.
! Paragraph ended before \begin was complete.
<to be read again> 
                   \par 
l.1181 
       
I suspect you've forgotten a `}', causing me to apply this
control sequence to too much text. How can we recover?
My plan is to forget the whole thing and hope for the best.

LaTeX Font Info:    Font shape `T1/lmtt/bx/n' in size <10> not available
(Font)              Font shape `T1/lmtt/b/n' tried instead on input line 1199.
Runaway argument?
{tabular{@{}ll@{}} \toprule Parametre & DeÄźer \\ \midrule \bottomrule \ETC.
! Paragraph ended before \begin was complete.
<to be read again> 
                   \par 
l.1214 
       
I suspect you've forgotten a `}', causing me to apply this
control sequence to too much text. How can we recover?
My plan is to forget the whole thing and hope for the best.


Underfull \hbox (badness 4805) in paragraph at lines 1215--1220
\T1/lmr/m/n/10 (+20) i-tas^^Yna göre yu-mułak karar (soft-decision) ç^^Yk^^Ył^^
Yna
 []

Runaway argument?
{tabular{@{}ll@{}} \toprule Parametre & DeÄźer \\ \midrule \bottomrule \ETC.
! Paragraph ended before \begin was complete.
<to be read again> 
                   \par 
l.1236 
       
I suspect you've forgotten a `}', causing me to apply this
control sequence to too much text. How can we recover?
My plan is to forget the whole thing and hope for the best.


Underfull \hbox (badness 1424) in paragraph at lines 1237--1240
\T1/lmr/m/n/10 (+20) (\T1/lmtt/m/n/10 NOMA_epy_block_0.py\T1/lmr/m/n/10 (+20) ,
 104 sat^^Yr), difer-an-siyel kod-la-
 []

Runaway argument?
{tabular{@{}ll@{}} \toprule Parametre & DeÄźer \\ \midrule \bottomrule \ETC.
! Paragraph ended before \begin was complete.
<to be read again> 
                   \par 
l.1266 
       
I suspect you've forgotten a `}', causing me to apply this
control sequence to too much text. How can we recover?
My plan is to forget the whole thing and hope for the best.

Runaway argument?
{tabular{@{}ll@{}} \toprule Parametre & DeÄźer \\ \midrule \bottomrule \ETC.
! Paragraph ended before \begin was complete.
<to be read again> 
                   \par 
l.1284 
       
I suspect you've forgotten a `}', causing me to apply this
control sequence to too much text. How can we recover?
My plan is to forget the whole thing and hope for the best.

Runaway argument?
{tabular{@{}ll@{}} \toprule Parametre & DeÄźer \\ \midrule \bottomrule \ETC.
! Paragraph ended before \begin was complete.
<to be read again> 
                   \par 
l.1308 
       
I suspect you've forgotten a `}', causing me to apply this
control sequence to too much text. How can we recover?
My plan is to forget the whole thing and hope for the best.

[6]
Runaway argument?
{tabular{@{}ll@{}} \toprule Parametre & DeÄźer \\ \midrule \bottomrule \ETC.
! Paragraph ended before \begin was complete.
<to be read again> 
                   \par 
l.1326 
       
I suspect you've forgotten a `}', causing me to apply this
control sequence to too much text. How can we recover?
My plan is to forget the whole thing and hope for the best.

Runaway argument?
{tabular{@{} >{\raggedright \arraybackslash }p{(\linewidth - 4\tabcolsep \ETC.
! Paragraph ended before \begin was complete.
<to be read again> 
                   \par 
l.1366 
       
I suspect you've forgotten a `}', causing me to apply this
control sequence to too much text. How can we recover?
My plan is to forget the whole thing and hope for the best.

Runaway argument?
{tabular{@{} >{\raggedright \arraybackslash }p{(\linewidth - 6\tabcolsep \ETC.
! Paragraph ended before \begin was complete.
<to be read again> 
                   \par 
l.1411 
       
I suspect you've forgotten a `}', causing me to apply this
control sequence to too much text. How can we recover?
My plan is to forget the whole thing and hope for the best.

Runaway argument?
{tabular{@{}lll@{}} \toprule Parametre & DeÄźer & AĂ§Ä±klama \\ \midrule \ETC.
! Paragraph ended before \begin was complete.
<to be read again> 
                   \par 
l.1428 
       
I suspect you've forgotten a `}', causing me to apply this
control sequence to too much text. How can we recover?
My plan is to forget the whole thing and hope for the best.


Underfull \hbox (badness 4156) in paragraph at lines 1434--1442
[]\T1/lmr/bx/n/10 (+20) Ba§^^Yms^^Yz Girdi Tam-pon-lama (De-cou-pled
 []


Underfull \hbox (badness 10000) in paragraph at lines 1452--1455
[]\T1/lmr/bx/n/10 (+20) Çapraz Ko-re-lasyon Hiza-lama:
 []


Underfull \hbox (badness 6658) in paragraph at lines 1452--1455
\T1/lmtt/m/n/10 scipy.signal.correlate() \T1/lmr/m/n/10 (+20) fonksiy-onu ile R
X
 []


Underfull \hbox (badness 1540) in paragraph at lines 1510--1514
[]\T1/lmr/m/n/10 (+20) Bu daire-sel ba§^^Ym-l^^Yl^^Yk, GNU Ra-dio za-man-lay^^Y
c^^Ys^^Yn^^Yn
 []

[7]
Runaway argument?
{tabular{@{}lll@{}} \toprule Blok & KullanÄ±cÄ± 1 Ă–rneÄźi & KullanÄ±\ETC.
! Paragraph ended before \begin was complete.
<to be read again> 
                   \par 
l.1548 
       
I suspect you've forgotten a `}', causing me to apply this
control sequence to too much text. How can we recover?
My plan is to forget the whole thing and hope for the best.

Runaway argument?
{tabular{@{} >{\raggedright \arraybackslash }p{(\linewidth - 4\tabcolsep \ETC.
! Paragraph ended before \begin was complete.
<to be read again> 
                   \par 
l.1580 
       
I suspect you've forgotten a `}', causing me to apply this
control sequence to too much text. How can we recover?
My plan is to forget the whole thing and hope for the best.

Runaway argument?
{tabular{@{}llll@{}} \toprule KaydÄ±rÄ±cÄ± & DeÄźiĹźken & AralÄ±k & A\ETC.
! Paragraph ended before \begin was complete.
<to be read again> 
                   \par 
l.1596 
       
I suspect you've forgotten a `}', causing me to apply this
control sequence to too much text. How can we recover?
My plan is to forget the whole thing and hope for the best.

Runaway argument?
{tabular{@{}ll@{}} \toprule AkÄ±Ĺź KimliÄźi & AĂ§Ä±klama \\ \midrule \ETC.
! Paragraph ended before \begin was complete.
<to be read again> 
                   \par 
l.1627 
       
I suspect you've forgotten a `}', causing me to apply this
control sequence to too much text. How can we recover?
My plan is to forget the whole thing and hope for the best.

Runaway argument?
{tabular{@{} >{\raggedright \arraybackslash }p{(\linewidth - 6\tabcolsep \ETC.
! Paragraph ended before \begin was complete.
<to be read again> 
                   \par 
l.1663 
       
I suspect you've forgotten a `}', causing me to apply this
control sequence to too much text. How can we recover?
My plan is to forget the whole thing and hope for the best.


Underfull \hbox (badness 10000) in paragraph at lines 1664--1670
[]\T1/lmr/m/n/10 (+20) Preambül de-seni \T1/lmtt/m/n/10 [0xC0, 0xAF] = [1100000
0,
 []


Underfull \hbox (badness 3354) in paragraph at lines 1664--1670
\T1/lmtt/m/n/10 10101111]\T1/lmr/m/n/10 (+20) : - Zen-gin geçił yap^^Ys^^Y saye
sinde sem-bol
 []


Underfull \hbox (badness 10000) in paragraph at lines 1664--1670
\T1/lmr/m/n/10 (+20) - Costas döngüsünün faz refer-an-s^^Yn^^Y yakala-mas^^Yn^^
Y
 []


Underfull \hbox (badness 10000) in paragraph at lines 1664--1670
\T1/lmr/m/n/10 (+20) ko-lay-lałt^^Yr^^Yr, - Ko-re-lasyon tah-min-cisi için yük-
sek
 []


Underfull \hbox (badness 10000) in paragraph at lines 1677--1677
 []\T1/lmr/m/it/10 (+20) 5. SťMÜLASYON VE PER-FOR-MANS DE‡ER-
 []

Runaway argument?
{tabular{@{} >{\raggedright \arraybackslash }p{(\linewidth - 2\tabcolsep \ETC.
! Paragraph ended before \begin was complete.
<to be read again> 
                   \par 
l.1709 
       
I suspect you've forgotten a `}', causing me to apply this
control sequence to too much text. How can we recover?
My plan is to forget the whole thing and hope for the best.


Underfull \hbox (badness 2744) in paragraph at lines 1781--1787
\T1/lmtt/m/n/10 Constellation Soft Decoder \TS1/lmr/m/n/10 (+20) ^^Y \T1/lmtt/m
/n/10 Soft Diff Decoder
 []


Underfull \hbox (badness 2269) in paragraph at lines 1802--1809
 []\T1/lmr/m/it/10 (+20) 5.4.1. Kul-lan^^Yc^^Y 1 (Yak^^Yn Kul-lan^^Yc^^Y) Per-f
or-mans^^Y: [][]
 []


Underfull \hbox (badness 6220) in paragraph at lines 1802--1809
[] \OMS/lmsy/m/n/10 ^^Y \OT1/lmr/m/n/10 (+20) 20$ \T1/lmr/m/n/10 (+20) dB kołul
lar^^Ynda, Kul-lan^^Yc^^Y 1 verici
 []


Underfull \hbox (badness 4001) in paragraph at lines 1802--1809
\T1/lmr/m/n/10 (+20) dosyas^^Y (\T1/lmtt/m/n/10 bpsk_transmit.txt\T1/lmr/m/n/10
 (+20) ) ile al^^Yc^^Y ç^^Yk^^Ył dosyas^^Y
 []


Underfull \hbox (badness 1603) in paragraph at lines 1802--1809
\T1/lmr/m/n/10 (+20) (\T1/lmtt/m/n/10 bpsk_receive.txt\T1/lmr/m/n/10 (+20) ) ar
as^^Ynda bałar^^Yl^^Y dosya trans-feri
 []


Underfull \hbox (badness 10000) in paragraph at lines 1802--1809
\T1/lmr/m/n/10 (+20) do§ru-lama gerçek-lełtir-ilmiłtir. LDPC kod-la-mas^^Yn^^Yn

 []

[8]
Underfull \hbox (badness 10000) in paragraph at lines 1852--1856
[]\T1/lmr/bx/n/10 (+20) Otomatik Dosya Karł^^Ylałt^^Yr-mas^^Y:
 []


Underfull \hbox (badness 7869) in paragraph at lines 1852--1856
\T1/lmtt/m/n/10 filecmp.cmp() \T1/lmr/m/n/10 (+20) fonksiy-onu ile verici ve al
^^Yc^^Y
 []


Underfull \hbox (badness 10000) in paragraph at lines 1876--1880
[]\T1/lmr/bx/n/10 (+20) Çevrimd^^Ył^^Y Sinyal Anal-izi: \T1/lmtt/m/n/10 rx_chun
k.npy
 []


Underfull \hbox (badness 10000) in paragraph at lines 1876--1880
\T1/lmr/m/n/10 (+20) ve \T1/lmtt/m/n/10 tx1_chunk.npy \T1/lmr/m/n/10 (+20) dosy
alar^^Y üz-erinden
 []


Underfull \hbox (badness 10000) in paragraph at lines 1876--1880
\T1/lmr/m/n/10 (+20) numpy ta-banl^^Y gen-lik ve ko-re-lasyon
 []


Underfull \hbox (badness 10000) in paragraph at lines 1876--1880
\T1/lmr/m/n/10 (+20) anal-izi (\T1/lmtt/m/n/10 capture_sic_amplitude.py\T1/lmr/
m/n/10 (+20) ,
 []


Underfull \hbox (badness 3439) in paragraph at lines 1958--1966
\T1/lmr/m/n/10 (+20) lanan sis-temin USRP E310 (2.435 GHz ISM
 []


Underfull \hbox (badness 6641) in paragraph at lines 1958--1966
\T1/lmr/m/n/10 (+20) band^^Y) üz-erinde gerçek za-manl^^Y kablo-suz ile-
 []

[9]
Underfull \hbox (badness 10000) in paragraph at lines 1983--1986
[]\T1/lmr/bx/n/10 (+20) OFDM-NOMA En-te-grasy-onu: \T1/lmr/m/n/10 (+20) BPSK'da
n
 []


Underfull \hbox (badness 7851) in paragraph at lines 1986--1991
[]\T1/lmr/bx/n/10 (+20) Alternatif LDPC Kon-figürasy-on-lar^^Y: \T1/lmr/m/n/10 
(+20) Pro-
 []


Underfull \hbox (badness 1533) in paragraph at lines 1986--1991
\T1/lmr/m/n/10 (+20) jede mev-cut olan \T1/lmtt/m/n/10 n_0300_k_0152_gap_03.ali
st
 []


Overfull \hbox (0.63751pt too wide) in paragraph at lines 2028--2032
\T1/lmr/m/it/10 (-20) Communications Surveys & Tutorials\T1/lmr/m/n/10 (-20) , 
vol. 19, no. 2, pp. 721--
 []


Underfull \hbox (badness 10000) in paragraph at lines 2041--2043
[]\T1/lmr/m/n/10 (+20) [10] GNU Ra-dio Project, ``GNU Ra-dio Man-ual
 []


Underfull \hbox (badness 10000) in paragraph at lines 2041--2043
\T1/lmr/m/n/10 (+20) and C++ API Ref-er-ence,'' [Çevrim-içi]. Er-iłim:
 []

Runaway argument?
{tabular{@{}lll@{}} \toprule DeÄźiĹźken & DeÄźer & AĂ§Ä±klama \\ \midrule \ETC.
! Paragraph ended before \begin was complete.
<to be read again> 
                   \par 
l.2091 
       
I suspect you've forgotten a `}', causing me to apply this
control sequence to too much text. How can we recover?
My plan is to forget the whole thing and hope for the best.

Runaway argument?
{tabular{@{} >{\raggedright \arraybackslash }p{(\linewidth - 4\tabcolsep \ETC.
! Paragraph ended before \begin was complete.
<to be read again> 
                   \par 
l.2122 
       
I suspect you've forgotten a `}', causing me to apply this
control sequence to too much text. How can we recover?
My plan is to forget the whole thing and hope for the best.

Runaway argument?
{tabular{@{} >{\raggedright \arraybackslash }p{(\linewidth - 4\tabcolsep \ETC.
! Paragraph ended before \begin was complete.
<to be read again> 
                   \par 
l.2153 
       
I suspect you've forgotten a `}', causing me to apply this
control sequence to too much text. How can we recover?
My plan is to forget the whole thing and hope for the best.

Runaway argument?
{tabular{@{} >{\raggedright \arraybackslash }p{(\linewidth - 4\tabcolsep \ETC.
! Paragraph ended before \begin was complete.
<to be read again> 
                   \par 
l.2206 
       
I suspect you've forgotten a `}', causing me to apply this
control sequence to too much text. How can we recover?
My plan is to forget the whole thing and hope for the best.


Overfull \hbox (157.49881pt too wide) in paragraph at lines 2232--2232
[]\T1/lmtt/m/n/10 ???????????????????????????? User 1 TX Chain ????????????????
?????????????????[] 
 []


Overfull \hbox (178.49875pt too wide) in paragraph at lines 2232--2232
[]\T1/lmtt/m/n/10 ? File Source(tx1) -> Stream2TS(77B) -> CRC32 -> Repack(8->1)
 -> Scrambler ->    ?[] 
 []


Overfull \hbox (167.99878pt too wide) in paragraph at lines 2232--2232
[]\T1/lmtt/m/n/10 ? LDPC Enc -> Multiply Length(?2) -> [Header Formatter + LDPC
 Payload] ->      ?[] 
 []


Overfull \hbox (157.49881pt too wide) in paragraph at lines 2232--2232
[]\T1/lmtt/m/n/10 ? TagMux[Preamble(250B), Header, LDPC_Payload, Postamble(8B)]
 ->             ?[] 
 []


Overfull \hbox (157.49881pt too wide) in paragraph at lines 2232--2232
[]\T1/lmtt/m/n/10 ? Constellation Mod(DBPSK, sps=4, b=0.35) -> Tag Gate ->     
                ?[] 
 []


Overfull \hbox (152.24883pt too wide) in paragraph at lines 2232--2232
[]\T1/lmtt/m/n/10 ? Multiply Const(a1 = 0.894) ????????????????????????????????
???????        ?[] 
 []


Overfull \hbox (167.99878pt too wide) in paragraph at lines 2232--2232
[]\T1/lmtt/m/n/10 ?????????????????????????????????????????????????????????????
???????????????????[] 
 []


Overfull \hbox (110.24895pt too wide) in paragraph at lines 2232--2232
[]                                                                    \T1/lmtt/
m/n/10 ?[] 
 []


Overfull \hbox (110.24895pt too wide) in paragraph at lines 2232--2232
[]                                                                    \T1/lmtt/
m/n/10 ?[] 
 []


Overfull \hbox (162.7488pt too wide) in paragraph at lines 2232--2232
[]                                                        \T1/lmtt/m/n/10 ???? 
Add (complex) ????[] 
 []


Overfull \hbox (157.49881pt too wide) in paragraph at lines 2232--2232
[]                                                        \T1/lmtt/m/n/10 ?  S?
perpozisyon     ?[] 
 []


Overfull \hbox (246.74855pt too wide) in paragraph at lines 2232--2232
[]                                                        \T1/lmtt/m/n/10 ?  s 
= a1x1 + a2x2  ???-> Channel Model[] 
 []


Overfull \hbox (162.7488pt too wide) in paragraph at lines 2232--2232
[]                                                        \T1/lmtt/m/n/10 ?????
??????????????????[] 
 []


Overfull \hbox (110.24895pt too wide) in paragraph at lines 2232--2232
[]                                                                    \T1/lmtt/
m/n/10 ?[] 
 []


Overfull \hbox (157.49881pt too wide) in paragraph at lines 2232--2232
[]\T1/lmtt/m/n/10 ???????????????????????????? User 2 TX Chain ????????????????
?????????????????[] 
 []


Overfull \hbox (178.49875pt too wide) in paragraph at lines 2232--2232
[]\T1/lmtt/m/n/10 ? File Source(tx2) -> Stream2TS(77B) -> CRC32 -> Repack(8->1)
 -> Scrambler ->    ?[] 
 []


Overfull \hbox (167.99878pt too wide) in paragraph at lines 2232--2232
[]\T1/lmtt/m/n/10 ? LDPC Enc -> ... (ayn? yap?) ... -> Tag Gate ->             
                  ?[] 
 []


Overfull \hbox (152.24883pt too wide) in paragraph at lines 2232--2232
[]\T1/lmtt/m/n/10 ? Multiply Const(a2 = 0.447) ????????????????????????????????
???????        ?[] 
 []


Overfull \hbox (167.99878pt too wide) in paragraph at lines 2232--2232
[]\T1/lmtt/m/n/10 ?????????????????????????????????????????????????????????????
???????????????????[] 
 []


Overfull \hbox (110.24895pt too wide) in paragraph at lines 2273--2273
[]\T1/lmtt/m/n/10 Channel ??-> FFT RRC ??-> SymSync ??-> CostasLoop ??-> Corr E
stimator[] 
 []


Overfull \hbox (99.74898pt too wide) in paragraph at lines 2273--2273
[]\T1/lmtt/m/n/10 Model       (b=0.35)    (sps=4->1)   (w=2p/100)     (preamble
_syms)[] 
 []


Overfull \hbox (68.24907pt too wide) in paragraph at lines 2273--2273
[]                                         \T1/lmtt/m/n/10 ?                  ?
[] 
 []


Overfull \hbox (68.24907pt too wide) in paragraph at lines 2273--2273
[]                           \T1/lmtt/m/n/10 ???????????????                  ?
[] 
 []


Overfull \hbox (136.49887pt too wide) in paragraph at lines 2273--2273
[]                           \T1/lmtt/m/n/10 ? "recovery"                     ?
 "recovery_2"[] 
 []


Overfull \hbox (68.24907pt too wide) in paragraph at lines 2273--2273
[]                           \T1/lmtt/m/n/10 ?                                ?
[] 
 []


Overfull \hbox (199.49869pt too wide) in paragraph at lines 2273--2273
[]                    \T1/lmtt/m/n/10 Soft Const Dec               ????? SIC Al
igner (epy_block_1) ?????[] 
 []


Overfull \hbox (204.74867pt too wide) in paragraph at lines 2273--2273
[]                           \T1/lmtt/m/n/10 ?                     ?  Port 0: r
ecovery_2 (al?nan)       ?[] 
 []


Overfull \hbox (204.74867pt too wide) in paragraph at lines 2273--2273
[]                    \T1/lmtt/m/n/10 Soft Diff Dec                ?  Port 1: u
ser_2_sub (yeniden olu?.)?[] 
 []


Overfull \hbox (204.74867pt too wide) in paragraph at lines 2273--2273
[]                    \T1/lmtt/m/n/10 (epy_block_0)                ?  ??k??: te
mizlenmi? User 2 sinyali ?[] 
 []

[10]
Overfull \hbox (204.74867pt too wide) in paragraph at lines 2273--2273
[]                           \T1/lmtt/m/n/10 ?                     ????????????
??????????????????????????[] 
 []


Overfull \hbox (68.24907pt too wide) in paragraph at lines 2273--2273
[]                    \T1/lmtt/m/n/10 Correlate AC                            ?
[] 
 []


Overfull \hbox (68.24907pt too wide) in paragraph at lines 2273--2273
[]                           \T1/lmtt/m/n/10 ?                                ?
[] 
 []


Overfull \hbox (110.24895pt too wide) in paragraph at lines 2273--2273
[]                    \T1/lmtt/m/n/10 LDPC Decoder ????????????     Soft Const 
Dec (2.)[] 
 []


Overfull \hbox (57.7491pt too wide) in paragraph at lines 2273--2273
[]                    \T1/lmtt/m/n/10 (ldpc_dec)                            ?[]
 
 []


Overfull \hbox (83.99902pt too wide) in paragraph at lines 2273--2273
[]                           \T1/lmtt/m/n/10 ?                       Soft Diff 
Dec[] 
 []


Overfull \hbox (99.74898pt too wide) in paragraph at lines 2273--2273
[]                    \T1/lmtt/m/n/10 Length ?0.5                     (epy_bloc
k_0_0)[] 
 []


Overfull \hbox (57.7491pt too wide) in paragraph at lines 2273--2273
[]                           \T1/lmtt/m/n/10 ?                              ?[]
 
 []


Overfull \hbox (104.99896pt too wide) in paragraph at lines 2273--2273
[]                    \T1/lmtt/m/n/10 Descrambler                    Correlate 
AC (2.)[] 
 []


Overfull \hbox (57.7491pt too wide) in paragraph at lines 2273--2273
[]                           \T1/lmtt/m/n/10 ?                              ?[]
 
 []


Overfull \hbox (152.24883pt too wide) in paragraph at lines 2273--2273
[]                    \T1/lmtt/m/n/10 Repack (1->8)                   LDPC Deco
der (ldpc_dec_2)[] 
 []


Overfull \hbox (57.7491pt too wide) in paragraph at lines 2273--2273
[]                           \T1/lmtt/m/n/10 ?                              ?[]
 
 []


Overfull \hbox (162.7488pt too wide) in paragraph at lines 2273--2273
[]                    \T1/lmtt/m/n/10 CRC32 Check                    Length ?0.
5 -> Descramble ->[] 
 []


Overfull \hbox (152.24883pt too wide) in paragraph at lines 2273--2273
[]                      \T1/lmtt/m/n/10 ?     ?                      Repack -> 
CRC32 Check (2.)[] 
 []


Overfull \hbox (62.99908pt too wide) in paragraph at lines 2273--2273
[]               \T1/lmtt/m/n/10 File Sink  SIC Re-encode                    ?[
] 
 []


Overfull \hbox (78.74904pt too wide) in paragraph at lines 2273--2273
[]               \T1/lmtt/m/n/10 (rx1.txt)    ?                         File Si
nk[] 
 []


Overfull \hbox (78.74904pt too wide) in paragraph at lines 2273--2273
[]                            \T1/lmtt/m/n/10 ?                         (rx2.tx
t)[] 
 []


Overfull \hbox (5.24925pt too wide) in paragraph at lines 2273--2273
[]                    \T1/lmtt/m/n/10 LDPC Re-encode (enc_ldpc_sic)[] 
 []


Overfull \hbox (31.49918pt too wide) in paragraph at lines 2273--2273
[]                    \T1/lmtt/m/n/10 Chunks to Symbols (BPSK: [-1, +1])[] 
 []


Overfull \hbox (31.49918pt too wide) in paragraph at lines 2273--2273
[]                    \T1/lmtt/m/n/10 "user_2_sub" -> SIC Aligner Port 1[] 
 []

[11

] (report_ieee_fixed_comprehensive_unicode2.aux)
 ***********
LaTeX2e <2025-11-01>
L3 programming layer <2025-12-24>
 ***********


LaTeX Warning: There were undefined references.


LaTeX Warning: Label(s) may have changed. Rerun to get cross-references right.

 ) 
Here is how much of TeX's memory you used:
 14259 strings out of 467871
 231625 string characters out of 5414504
 694914 words of memory out of 5000000
 42518 multiletter control sequences out of 15000+600000
 833383 words of font info for 274 fonts, out of 8000000 for 9000
 1141 hyphenation exceptions out of 8191
 83i,11n,93p,1225b,674s stack positions out of 10000i,1000n,20000p,200000b,200000s
<C:/Users/Administrator/AppData/Local/Programs/MiKTeX/fonts/type1/public/lm/l
mbx10.pfb><C:/Users/Administrator/AppData/Local/Programs/MiKTeX/fonts/type1/pub
lic/lm/lmcsc10.pfb><C:/Users/Administrator/AppData/Local/Programs/MiKTeX/fonts/
type1/public/lm/lmex10.pfb><C:/Users/Administrator/AppData/Local/Programs/MiKTe
X/fonts/type1/public/lm/lmmi10.pfb><C:/Users/Administrator/AppData/Local/Progra
ms/MiKTeX/fonts/type1/public/lm/lmmi5.pfb><C:/Users/Administrator/AppData/Local
/Programs/MiKTeX/fonts/type1/public/lm/lmmi7.pfb><C:/Users/Administrator/AppDat
a/Local/Programs/MiKTeX/fonts/type1/public/lm/lmr10.pfb><C:/Users/Administrator
/AppData/Local/Programs/MiKTeX/fonts/type1/public/lm/lmr5.pfb><C:/Users/Adminis
trator/AppData/Local/Programs/MiKTeX/fonts/type1/public/lm/lmr7.pfb><C:/Users/A
dministrator/AppData/Local/Programs/MiKTeX/fonts/type1/public/lm/lmri10.pfb><C:
/Users/Administrator/AppData/Local/Programs/MiKTeX/fonts/type1/public/lm/lmsy10
.pfb><C:/Users/Administrator/AppData/Local/Programs/MiKTeX/fonts/type1/public/l
m/lmsy7.pfb><C:/Users/Administrator/AppData/Local/Programs/MiKTeX/fonts/type1/p
ublic/lm/lmtk10.pfb><C:/Users/Administrator/AppData/Local/Programs/MiKTeX/fonts
/type1/public/lm/lmtt10.pfb><C:/Users/Administrator/AppData/Local/Programs/MiKT
eX/fonts/type1/public/lm/lmtti10.pfb><C:/Users/Administrator/AppData/Local/Prog
rams/MiKTeX/fonts/type1/public/amsfonts/symbols/msam10.pfb>
Output written on report_ieee_fixed_comprehensive_unicode2.pdf (11 pages, 42710
3 bytes).
PDF statistics:
 457 PDF objects out of 1000 (max. 8388607)
 159 named destinations out of 1000 (max. 500000)
 31041 words of extra memory for PDF output out of 35830 (max. 10000000)

